This file contains any messages produced by compilers while
running configure, to aid debugging if configure makes a mistake.

It was created by [PACKEDTYPES] configure [x.xx], which was
generated by GNU Autoconf 2.59.  Invocation command line was

  $ ./configure --with-llvmsrc=/Users/cos/Projects/cs526/llvm --with-llvmobj=/Users/cos/Projects/cs526/llvm

## --------- ##
## Platform. ##
## --------- ##

hostname = mobile-108-44.near.uiuc.edu
uname -m = x86_64
uname -r = 11.3.0
uname -s = Darwin
uname -v = Darwin Kernel Version 11.3.0: Thu Jan 12 18:47:41 PST 2012; root:xnu-1699.24.23~1/RELEASE_X86_64

/usr/bin/uname -p = i386
/bin/uname -X     = unknown

/bin/arch              = unknown
/usr/bin/arch -k       = unknown
/usr/convex/getsysinfo = unknown
hostinfo               = Mach kernel version:
	 Darwin Kernel Version 11.3.0: Thu Jan 12 18:47:41 PST 2012; root:xnu-1699.24.23~1/RELEASE_X86_64
Kernel configured for up to 2 processors.
2 processors are physically available.
2 processors are logically available.
Processor type: i486 (Intel 80486)
Processors active: 0 1
Primary memory available: 4.00 gigabytes
Default processor set: 109 tasks, 509 threads, 2 processors
Load average: 0.79, Mach factor: 1.19
/bin/machine           = unknown
/usr/bin/oslevel       = unknown
/bin/universe          = unknown

PATH: /Users/cos/.rvm/gems/ruby-1.9.2-p290/bin
PATH: /Users/cos/.rvm/gems/ruby-1.9.2-p290@global/bin
PATH: /Users/cos/.rvm/rubies/ruby-1.9.2-p290/bin
PATH: /Users/cos/.rvm/bin
PATH: /usr/bin
PATH: /bin
PATH: /usr/sbin
PATH: /sbin
PATH: /usr/local/bin
PATH: /usr/X11/bin
PATH: /usr/texbin
PATH: /usr/local/maude
PATH: /usr/local/k-framework/core
PATH: /Users/cos/Projects/cs526/llvm/tools


## ----------- ##
## Core tests. ##
## ----------- ##

configure:1440: creating ./config.status

## ---------------------- ##
## Running config.status. ##
## ---------------------- ##

This file was extended by [PACKEDTYPES] config.status [x.xx], which was
generated by GNU Autoconf 2.59.  Invocation command line was

  CONFIG_FILES    = 
  CONFIG_HEADERS  = 
  CONFIG_LINKS    = 
  CONFIG_COMMANDS = 
  $ ./config.status 

on mobile-108-44.near.uiuc.edu

config.status:640: creating Makefile.common
config.status:822: executing setup commands
config.status:822: executing Makefile commands
config.status:822: executing lib/Makefile commands

## ---------------- ##
## Cache variables. ##
## ---------------- ##

ac_cv_env_build_alias_set=
ac_cv_env_build_alias_value=
ac_cv_env_host_alias_set=
ac_cv_env_host_alias_value=
ac_cv_env_target_alias_set=
ac_cv_env_target_alias_value=

## ----------------- ##
## Output variables. ##
## ----------------- ##

DEFS='-DPACKAGE_NAME=\"\[PACKEDTYPES\]\" -DPACKAGE_TARNAME=\"--packedtypes--\" -DPACKAGE_VERSION=\"\[x.xx\]\" -DPACKAGE_STRING=\"\[PACKEDTYPES\]\ \[x.xx\]\" -DPACKAGE_BUGREPORT=\"bugs@yourdomain\" '
ECHO_C='ECHO_N=''
ECHO_T=''
LIBOBJS=''
LIBS=''
LLVM_OBJ='/Users/cos/Projects/cs526/llvm'
LLVM_SRC='/Users/cos/Projects/cs526/llvm'
LTLIBOBJS=''
PACKAGE_BUGREPORT='bugs@yourdomain'
PACKAGE_NAME='[PACKEDTYPES]'
PACKAGE_STRING='[PACKEDTYPES] [x.xx]'
PACKAGE_TARNAME='--packedtypes--'
PACKAGE_VERSION='[x.xx]'
PATH_SEPARATOR=':'
SHELL='/bin/sh'
bindir='${exec_prefix}/bin'
build_alias=''
datadir='${prefix}/share'
exec_prefix='${prefix}'
host_alias=''
includedir='${prefix}/include'
infodir='${prefix}/info'
libdir='${exec_prefix}/lib'
libexecdir='${exec_prefix}/libexec'
localstatedir='${prefix}/var'
mandir='${prefix}/man'
oldincludedir='/usr/include'
prefix='/usr/local'
program_transform_name='s,x,x,'
sbindir='${exec_prefix}/sbin'
sharedstatedir='${prefix}/com'
sysconfdir='${prefix}/etc'
target_alias=''

## ----------- ##
## confdefs.h. ##
## ----------- ##

#define PACKAGE_BUGREPORT "bugs@yourdomain"
#define PACKAGE_NAME "[PACKEDTYPES]"
#define PACKAGE_STRING "[PACKEDTYPES] [x.xx]"
#define PACKAGE_TARNAME "--packedtypes--"
#define PACKAGE_VERSION "[x.xx]"

configure: exit 0
